INFO:root:--2021-05-21 16:07:39.670485--
Успешная связка с портом 9090

INFO:root:--2021-05-21 16:07:39.670485--
Прослушивается порт 9090

INFO:root:--2021-05-21 16:08:16.503371--
Подключился пользователь: ('127.0.0.1', 51262)

INFO:root:--2021-05-21 16:10:46.925910--
Успешная связка с портом 9090

INFO:root:--2021-05-21 16:10:46.925910--
Прослушивается порт 9090

INFO:root:--2021-05-21 16:10:57.202318--
Подключился пользователь: ('127.0.0.1', 51271)

INFO:root:--2021-05-21 16:12:40.939036--
Успешная связка с портом 9090

INFO:root:--2021-05-21 16:12:40.939036--
Прослушивается порт 9090

INFO:root:--2021-05-21 16:12:52.402613--
Подключился пользователь: ('127.0.0.1', 51274)

INFO:root:--2021-05-21 16:14:59.589508--
Успешная связка с портом 9090

INFO:root:--2021-05-21 16:14:59.590506--
Прослушивается порт 9090

INFO:root:--2021-05-21 16:15:18.558197--
Подключился пользователь: ('127.0.0.1', 51280)

INFO:root:--2021-05-21 16:23:06.252974--
Успешная связка с портом 9090

INFO:root:--2021-05-21 16:23:06.253968--
Прослушивается порт 9090

INFO:root:--2021-05-21 16:23:22.032227--
Подключился пользователь: ('127.0.0.1', 51314)

INFO:root:--2021-05-21 16:24:56.947444--
Успешная связка с портом 9090

INFO:root:--2021-05-21 16:24:56.947444--
Прослушивается порт 9090

INFO:root:--2021-05-21 16:25:00.296737--
Подключился пользователь: ('127.0.0.1', 51318)

INFO:root:--2021-05-21 16:26:12.704614--
Успешная связка с портом 9090

INFO:root:--2021-05-21 16:26:12.705616--
Прослушивается порт 9090

INFO:root:--2021-05-21 16:26:29.391298--
Подключился пользователь: ('127.0.0.1', 51322)

INFO:root:--2021-05-21 16:31:21.549962--
Успешная связка с портом 9090

INFO:root:--2021-05-21 16:31:21.549962--
Прослушивается порт 9090

INFO:root:--2021-05-21 16:32:02.532095--
Подключился пользователь: ('127.0.0.1', 51336)

INFO:root:--2021-05-21 16:36:04.851233--
Пользователь ('127.0.0.1', 51336) - serg покинул нас.

INFO:root:--2021-05-21 16:36:28.598932--
Успешная связка с портом 9090

INFO:root:--2021-05-21 16:36:28.599919--
Прослушивается порт 9090

INFO:root:--2021-05-21 16:36:40.507322--
Подключился пользователь: ('127.0.0.1', 51349)

INFO:root:--2021-05-21 16:38:08.713819--
Успешная связка с портом 9090

INFO:root:--2021-05-21 16:38:08.713819--
Прослушивается порт 9090

INFO:root:--2021-05-21 16:38:20.984961--
Подключился пользователь: ('127.0.0.1', 51356)

INFO:root:--2021-05-21 16:39:39.722349--
Успешная связка с портом 9090

INFO:root:--2021-05-21 16:39:39.722435--
Прослушивается порт 9090

INFO:root:--2021-05-21 16:39:45.598336--
Подключился пользователь: ('127.0.0.1', 51361)

INFO:root:--2021-05-21 16:40:19.149775--
Успешная связка с портом 9090

INFO:root:--2021-05-21 16:40:19.149775--
Прослушивается порт 9090

INFO:root:--2021-05-21 16:40:35.614296--
Подключился пользователь: ('127.0.0.1', 51368)

INFO:root:--2021-05-21 16:41:23.626704--
Успешная связка с портом 9090

INFO:root:--2021-05-21 16:41:23.627711--
Прослушивается порт 9090

INFO:root:--2021-05-21 16:41:36.026895--
Подключился пользователь: ('127.0.0.1', 51371)

INFO:root:--2021-05-21 16:42:06.665893--
Успешная связка с портом 9090

INFO:root:--2021-05-21 16:42:06.665893--
Прослушивается порт 9090

INFO:root:--2021-05-21 16:42:15.142973--
Подключился пользователь: ('127.0.0.1', 51374)

INFO:root:--2021-05-21 16:49:37.340178--
Успешная связка с портом 9090

INFO:root:--2021-05-21 16:49:37.340178--
Прослушивается порт 9090

INFO:root:--2021-05-21 16:49:45.138892--
Подключился пользователь: ('127.0.0.1', 51391)

INFO:root:--2021-05-21 16:52:07.250470--
Успешная связка с портом 9090

INFO:root:--2021-05-21 16:52:07.250470--
Прослушивается порт 9090

INFO:root:--2021-05-21 16:52:14.425970--
Подключился пользователь: ('127.0.0.1', 51400)

INFO:root:--2021-05-21 16:54:42.164797--
Успешная связка с портом 9090

INFO:root:--2021-05-21 16:54:42.164797--
Прослушивается порт 9090

INFO:root:--2021-05-21 16:54:52.575126--
Подключился пользователь: ('127.0.0.1', 51412)

INFO:root:--2021-05-21 16:55:19.591043--
Успешная связка с портом 9090

INFO:root:--2021-05-21 16:55:19.591043--
Прослушивается порт 9090

INFO:root:--2021-05-21 16:55:28.237293--
Подключился пользователь: ('127.0.0.1', 51415)

INFO:root:--2021-05-21 16:58:11.120064--
Успешная связка с портом 9090

INFO:root:--2021-05-21 16:58:11.120064--
Прослушивается порт 9090

INFO:root:--2021-05-21 16:58:28.743759--
Подключился пользователь: ('127.0.0.1', 51425)

INFO:root:--2021-05-21 17:10:27.255940--
Успешная связка с портом 9090

INFO:root:--2021-05-21 17:10:27.255940--
Прослушивается порт 9090

INFO:root:--2021-05-21 17:10:45.832626--
Подключился пользователь: ('127.0.0.1', 51453)

INFO:root:--2021-05-21 17:11:41.294607--
Успешная связка с портом 9090

INFO:root:--2021-05-21 17:11:41.294607--
Прослушивается порт 9090

INFO:root:--2021-05-21 17:11:50.659729--
Подключился пользователь: ('127.0.0.1', 51456)

INFO:root:--2021-05-21 17:16:20.861993--
Успешная связка с портом 9090

INFO:root:--2021-05-21 17:16:20.861993--
Прослушивается порт 9090

INFO:root:--2021-05-21 17:16:29.465718--
Подключился пользователь: ('127.0.0.1', 51475)

INFO:root:--2021-05-21 17:17:59.739129--
Успешная связка с портом 9090

INFO:root:--2021-05-21 17:17:59.739129--
Прослушивается порт 9090

INFO:root:--2021-05-21 17:18:04.248216--
Успешная связка с портом 9090

INFO:root:--2021-05-21 17:18:04.248216--
Прослушивается порт 9090

INFO:root:--2021-05-21 17:18:15.132958--
Подключился пользователь: ('127.0.0.1', 51506)

INFO:root:--2021-05-21 17:18:29.464679--
Успешная связка с портом 9090

INFO:root:--2021-05-21 17:18:29.464679--
Прослушивается порт 9090

INFO:root:--2021-05-21 17:18:35.550365--
Подключился пользователь: ('127.0.0.1', 51509)

INFO:root:--2021-05-21 17:21:39.633415--
Успешная связка с портом 9090

INFO:root:--2021-05-21 17:21:39.633415--
Прослушивается порт 9090

INFO:root:--2021-05-21 17:21:49.325328--
Подключился пользователь: ('127.0.0.1', 51521)

INFO:root:--2021-05-21 17:22:40.399532--
Успешная связка с портом 9090

INFO:root:--2021-05-21 17:22:40.399532--
Прослушивается порт 9090

INFO:root:--2021-05-21 17:22:47.473282--
Подключился пользователь: ('127.0.0.1', 51524)

INFO:root:--2021-05-21 17:35:40.790186--
Успешная связка с портом 9090

INFO:root:--2021-05-21 17:35:40.790186--
Прослушивается порт 9090

INFO:root:--2021-05-21 17:36:05.508976--
Подключился пользователь: ('127.0.0.1', 51578)

INFO:root:--2021-05-21 17:42:45.063008--
Успешная связка с портом 9090

INFO:root:--2021-05-21 17:42:45.063008--
Прослушивается порт 9090

INFO:root:--2021-05-21 17:42:59.879838--
Подключился пользователь: ('127.0.0.1', 51596)

INFO:root:--2021-05-21 17:43:46.939601--
Подключился пользователь: ('127.0.0.1', 51599)

INFO:root:--2021-05-21 17:44:08.978655--
Успешная связка с портом 9090

INFO:root:--2021-05-21 17:44:08.978655--
Прослушивается порт 9090

INFO:root:--2021-05-21 17:44:20.516686--
Подключился пользователь: ('127.0.0.1', 51604)

INFO:root:--2021-05-21 17:48:28.900181--
Успешная связка с портом 9090

INFO:root:--2021-05-21 17:48:28.900181--
Прослушивается порт 9090

INFO:root:--2021-05-21 17:48:37.022527--
Подключился пользователь: ('127.0.0.1', 51615)

INFO:root:--2021-05-21 17:49:48.379493--
Успешная связка с портом 9090

INFO:root:--2021-05-21 17:49:48.379493--
Прослушивается порт 9090

INFO:root:--2021-05-21 17:50:02.289659--
Подключился пользователь: ('127.0.0.1', 51624)

INFO:root:--2021-05-21 17:51:53.494167--
Успешная связка с портом 9090

INFO:root:--2021-05-21 17:51:53.494167--
Прослушивается порт 9090

INFO:root:--2021-05-21 17:52:03.383262--
Подключился пользователь: ('127.0.0.1', 51636)

INFO:root:--2021-05-21 17:52:34.310159--
Успешная связка с портом 9090

INFO:root:--2021-05-21 17:52:34.310159--
Прослушивается порт 9090

INFO:root:--2021-05-21 17:52:41.798528--
Подключился пользователь: ('127.0.0.1', 51643)

